-------------------------------------------------------------------------------
Test set: AH.gruppo14.stackbasedcalculator_gruppo14.CalculatorStackTest
-------------------------------------------------------------------------------
Tests run: 46, Failures: 46, Errors: 0, Skipped: 0, Time elapsed: 0.263 sec <<< FAILURE!
AH.gruppo14.stackbasedcalculator_gruppo14.CalculatorStackTest.testOver2()  Time elapsed: 0.006 sec  <<< FAILURE!
java.lang.NullPointerException
	at AH.gruppo14.stackbasedcalculator_gruppo14.CalculatorStackTest.testOver2(CalculatorStackTest.java:696)

AH.gruppo14.stackbasedcalculator_gruppo14.CalculatorStackTest.testSwap5()  Time elapsed: 0 sec  <<< FAILURE!
java.lang.NullPointerException
	at AH.gruppo14.stackbasedcalculator_gruppo14.CalculatorStackTest.testSwap5(CalculatorStackTest.java:662)

AH.gruppo14.stackbasedcalculator_gruppo14.CalculatorStackTest.testSwap4()  Time elapsed: 0 sec  <<< FAILURE!
java.lang.NullPointerException
	at AH.gruppo14.stackbasedcalculator_gruppo14.CalculatorStackTest.testSwap4(CalculatorStackTest.java:648)

AH.gruppo14.stackbasedcalculator_gruppo14.CalculatorStackTest.testOver3()  Time elapsed: 0 sec  <<< FAILURE!
java.lang.NullPointerException
	at AH.gruppo14.stackbasedcalculator_gruppo14.CalculatorStackTest.testOver3(CalculatorStackTest.java:709)

AH.gruppo14.stackbasedcalculator_gruppo14.CalculatorStackTest.testOver1()  Time elapsed: 0 sec  <<< FAILURE!
java.lang.NullPointerException
	at AH.gruppo14.stackbasedcalculator_gruppo14.CalculatorStackTest.testOver1(CalculatorStackTest.java:681)

AH.gruppo14.stackbasedcalculator_gruppo14.CalculatorStackTest.testSwap3()  Time elapsed: 0 sec  <<< FAILURE!
java.lang.NullPointerException
	at AH.gruppo14.stackbasedcalculator_gruppo14.CalculatorStackTest.testSwap3(CalculatorStackTest.java:631)

AH.gruppo14.stackbasedcalculator_gruppo14.CalculatorStackTest.testDup3()  Time elapsed: 0 sec  <<< FAILURE!
java.lang.NullPointerException
	at AH.gruppo14.stackbasedcalculator_gruppo14.CalculatorStackTest.testDup3(CalculatorStackTest.java:583)

AH.gruppo14.stackbasedcalculator_gruppo14.CalculatorStackTest.testSwap1()  Time elapsed: 0 sec  <<< FAILURE!
java.lang.NullPointerException
	at AH.gruppo14.stackbasedcalculator_gruppo14.CalculatorStackTest.testSwap1(CalculatorStackTest.java:603)

AH.gruppo14.stackbasedcalculator_gruppo14.CalculatorStackTest.testDup2()  Time elapsed: 0 sec  <<< FAILURE!
java.lang.NullPointerException
	at AH.gruppo14.stackbasedcalculator_gruppo14.CalculatorStackTest.testDup2(CalculatorStackTest.java:571)

AH.gruppo14.stackbasedcalculator_gruppo14.CalculatorStackTest.testSwap2()  Time elapsed: 0.001 sec  <<< FAILURE!
java.lang.NullPointerException
	at AH.gruppo14.stackbasedcalculator_gruppo14.CalculatorStackTest.testSwap2(CalculatorStackTest.java:617)

AH.gruppo14.stackbasedcalculator_gruppo14.CalculatorStackTest.testIsUnaryOperator1()  Time elapsed: 0 sec  <<< FAILURE!
java.lang.NullPointerException
	at AH.gruppo14.stackbasedcalculator_gruppo14.CalculatorStackTest.testIsUnaryOperator1(CalculatorStackTest.java:92)

AH.gruppo14.stackbasedcalculator_gruppo14.CalculatorStackTest.testIsUnaryOperator2()  Time elapsed: 0 sec  <<< FAILURE!
java.lang.NullPointerException
	at AH.gruppo14.stackbasedcalculator_gruppo14.CalculatorStackTest.testIsUnaryOperator2(CalculatorStackTest.java:103)

AH.gruppo14.stackbasedcalculator_gruppo14.CalculatorStackTest.testIsUnaryOperator3()  Time elapsed: 0 sec  <<< FAILURE!
java.lang.NullPointerException
	at AH.gruppo14.stackbasedcalculator_gruppo14.CalculatorStackTest.testIsUnaryOperator3(CalculatorStackTest.java:114)

AH.gruppo14.stackbasedcalculator_gruppo14.CalculatorStackTest.testCalcola4()  Time elapsed: 0 sec  <<< FAILURE!
java.lang.NullPointerException
	at AH.gruppo14.stackbasedcalculator_gruppo14.CalculatorStackTest.testCalcola4(CalculatorStackTest.java:181)

AH.gruppo14.stackbasedcalculator_gruppo14.CalculatorStackTest.testPush1()  Time elapsed: 0 sec  <<< FAILURE!
java.lang.NullPointerException
	at AH.gruppo14.stackbasedcalculator_gruppo14.CalculatorStackTest.testPush1(CalculatorStackTest.java:243)

AH.gruppo14.stackbasedcalculator_gruppo14.CalculatorStackTest.testCalcola1()  Time elapsed: 0.001 sec  <<< FAILURE!
java.lang.NullPointerException
	at AH.gruppo14.stackbasedcalculator_gruppo14.CalculatorStackTest.testCalcola1(CalculatorStackTest.java:131)

AH.gruppo14.stackbasedcalculator_gruppo14.CalculatorStackTest.testPush3()  Time elapsed: 0.001 sec  <<< FAILURE!
java.lang.NullPointerException
	at AH.gruppo14.stackbasedcalculator_gruppo14.CalculatorStackTest.testPush3(CalculatorStackTest.java:272)

AH.gruppo14.stackbasedcalculator_gruppo14.CalculatorStackTest.testClear1()  Time elapsed: 0.001 sec  <<< FAILURE!
java.lang.NullPointerException
	at AH.gruppo14.stackbasedcalculator_gruppo14.CalculatorStackTest.testClear1(CalculatorStackTest.java:461)

AH.gruppo14.stackbasedcalculator_gruppo14.CalculatorStackTest.testCalcola2()  Time elapsed: 0 sec  <<< FAILURE!
java.lang.NullPointerException
	at AH.gruppo14.stackbasedcalculator_gruppo14.CalculatorStackTest.testCalcola2(CalculatorStackTest.java:148)

AH.gruppo14.stackbasedcalculator_gruppo14.CalculatorStackTest.testPeek3()  Time elapsed: 0.001 sec  <<< FAILURE!
java.lang.NullPointerException
	at AH.gruppo14.stackbasedcalculator_gruppo14.CalculatorStackTest.testPeek3(CalculatorStackTest.java:366)

AH.gruppo14.stackbasedcalculator_gruppo14.CalculatorStackTest.testPop2()  Time elapsed: 0.223 sec  <<< FAILURE!
org.opentest4j.AssertionFailedError: Unexpected exception type thrown ==> expected: <Eccezioni.StackVuotoException> but was: <java.lang.NullPointerException>
	at org.junit.jupiter.api.AssertThrows.assertThrows(AssertThrows.java:65)
	at org.junit.jupiter.api.AssertThrows.assertThrows(AssertThrows.java:37)
	at org.junit.jupiter.api.Assertions.assertThrows(Assertions.java:2952)
	at AH.gruppo14.stackbasedcalculator_gruppo14.CalculatorStackTest.testPop2(CalculatorStackTest.java:304)
Caused by: java.lang.NullPointerException
	at AH.gruppo14.stackbasedcalculator_gruppo14.CalculatorStackTest.lambda$testPop2$3(CalculatorStackTest.java:305)
	at org.junit.jupiter.api.AssertThrows.assertThrows(AssertThrows.java:55)
	... 21 more

AH.gruppo14.stackbasedcalculator_gruppo14.CalculatorStackTest.testCalcola5()  Time elapsed: 0.001 sec  <<< FAILURE!
java.lang.NullPointerException
	at AH.gruppo14.stackbasedcalculator_gruppo14.CalculatorStackTest.testCalcola5(CalculatorStackTest.java:197)

AH.gruppo14.stackbasedcalculator_gruppo14.CalculatorStackTest.testPop3()  Time elapsed: 0.001 sec  <<< FAILURE!
java.lang.NullPointerException
	at AH.gruppo14.stackbasedcalculator_gruppo14.CalculatorStackTest.testPop3(CalculatorStackTest.java:319)

AH.gruppo14.stackbasedcalculator_gruppo14.CalculatorStackTest.testSize2()  Time elapsed: 0.001 sec  <<< FAILURE!
java.lang.NullPointerException
	at AH.gruppo14.stackbasedcalculator_gruppo14.CalculatorStackTest.testSize2(CalculatorStackTest.java:394)

AH.gruppo14.stackbasedcalculator_gruppo14.CalculatorStackTest.testEmpty2()  Time elapsed: 0 sec  <<< FAILURE!
java.lang.NullPointerException
	at AH.gruppo14.stackbasedcalculator_gruppo14.CalculatorStackTest.testEmpty2(CalculatorStackTest.java:432)

AH.gruppo14.stackbasedcalculator_gruppo14.CalculatorStackTest.testPeek1()  Time elapsed: 0 sec  <<< FAILURE!
java.lang.NullPointerException
	at AH.gruppo14.stackbasedcalculator_gruppo14.CalculatorStackTest.testPeek1(CalculatorStackTest.java:338)

AH.gruppo14.stackbasedcalculator_gruppo14.CalculatorStackTest.testClear2()  Time elapsed: 0.001 sec  <<< FAILURE!
java.lang.NullPointerException
	at AH.gruppo14.stackbasedcalculator_gruppo14.CalculatorStackTest.testClear2(CalculatorStackTest.java:472)

AH.gruppo14.stackbasedcalculator_gruppo14.CalculatorStackTest.testPop1()  Time elapsed: 0 sec  <<< FAILURE!
java.lang.NullPointerException
	at AH.gruppo14.stackbasedcalculator_gruppo14.CalculatorStackTest.testPop1(CalculatorStackTest.java:291)

AH.gruppo14.stackbasedcalculator_gruppo14.CalculatorStackTest.testCalcola3()  Time elapsed: 0.001 sec  <<< FAILURE!
java.lang.NullPointerException
	at AH.gruppo14.stackbasedcalculator_gruppo14.CalculatorStackTest.testCalcola3(CalculatorStackTest.java:165)

AH.gruppo14.stackbasedcalculator_gruppo14.CalculatorStackTest.testClear3()  Time elapsed: 0.001 sec  <<< FAILURE!
java.lang.NullPointerException
	at AH.gruppo14.stackbasedcalculator_gruppo14.CalculatorStackTest.testClear3(CalculatorStackTest.java:486)

AH.gruppo14.stackbasedcalculator_gruppo14.CalculatorStackTest.testSize1()  Time elapsed: 0.001 sec  <<< FAILURE!
java.lang.NullPointerException
	at AH.gruppo14.stackbasedcalculator_gruppo14.CalculatorStackTest.testSize1(CalculatorStackTest.java:383)

AH.gruppo14.stackbasedcalculator_gruppo14.CalculatorStackTest.testDrop1()  Time elapsed: 0.001 sec  <<< FAILURE!
java.lang.NullPointerException
	at AH.gruppo14.stackbasedcalculator_gruppo14.CalculatorStackTest.testDrop1(CalculatorStackTest.java:505)

AH.gruppo14.stackbasedcalculator_gruppo14.CalculatorStackTest.testDrop2()  Time elapsed: 0 sec  <<< FAILURE!
java.lang.NullPointerException
	at AH.gruppo14.stackbasedcalculator_gruppo14.CalculatorStackTest.testDrop2(CalculatorStackTest.java:521)

AH.gruppo14.stackbasedcalculator_gruppo14.CalculatorStackTest.testDrop3()  Time elapsed: 0.001 sec  <<< FAILURE!
java.lang.NullPointerException
	at AH.gruppo14.stackbasedcalculator_gruppo14.CalculatorStackTest.testDrop3(CalculatorStackTest.java:536)

AH.gruppo14.stackbasedcalculator_gruppo14.CalculatorStackTest.testDup1()  Time elapsed: 0.001 sec  <<< FAILURE!
java.lang.NullPointerException
	at AH.gruppo14.stackbasedcalculator_gruppo14.CalculatorStackTest.testDup1(CalculatorStackTest.java:557)

AH.gruppo14.stackbasedcalculator_gruppo14.CalculatorStackTest.testIsOperator3()  Time elapsed: 0 sec  <<< FAILURE!
java.lang.NullPointerException
	at AH.gruppo14.stackbasedcalculator_gruppo14.CalculatorStackTest.testIsOperator3(CalculatorStackTest.java:78)

AH.gruppo14.stackbasedcalculator_gruppo14.CalculatorStackTest.testPush2()  Time elapsed: 0 sec  <<< FAILURE!
java.lang.NullPointerException
	at AH.gruppo14.stackbasedcalculator_gruppo14.CalculatorStackTest.testPush2(CalculatorStackTest.java:258)

AH.gruppo14.stackbasedcalculator_gruppo14.CalculatorStackTest.testPeek2()  Time elapsed: 0.003 sec  <<< FAILURE!
org.opentest4j.AssertionFailedError: Unexpected exception type thrown ==> expected: <Eccezioni.StackVuotoException> but was: <java.lang.NullPointerException>
	at org.junit.jupiter.api.AssertThrows.assertThrows(AssertThrows.java:65)
	at org.junit.jupiter.api.AssertThrows.assertThrows(AssertThrows.java:37)
	at org.junit.jupiter.api.Assertions.assertThrows(Assertions.java:2952)
	at AH.gruppo14.stackbasedcalculator_gruppo14.CalculatorStackTest.testPeek2(CalculatorStackTest.java:351)
Caused by: java.lang.NullPointerException
	at AH.gruppo14.stackbasedcalculator_gruppo14.CalculatorStackTest.lambda$testPeek2$4(CalculatorStackTest.java:352)
	at org.junit.jupiter.api.AssertThrows.assertThrows(AssertThrows.java:55)
	... 21 more

AH.gruppo14.stackbasedcalculator_gruppo14.CalculatorStackTest.testCalcola6()  Time elapsed: 0 sec  <<< FAILURE!
java.lang.NullPointerException
	at AH.gruppo14.stackbasedcalculator_gruppo14.CalculatorStackTest.testCalcola6(CalculatorStackTest.java:218)

AH.gruppo14.stackbasedcalculator_gruppo14.CalculatorStackTest.testSize3()  Time elapsed: 0.001 sec  <<< FAILURE!
java.lang.NullPointerException
	at AH.gruppo14.stackbasedcalculator_gruppo14.CalculatorStackTest.testSize3(CalculatorStackTest.java:405)

AH.gruppo14.stackbasedcalculator_gruppo14.CalculatorStackTest.testEmpty1()  Time elapsed: 0 sec  <<< FAILURE!
java.lang.NullPointerException
	at AH.gruppo14.stackbasedcalculator_gruppo14.CalculatorStackTest.testEmpty1(CalculatorStackTest.java:421)

AH.gruppo14.stackbasedcalculator_gruppo14.CalculatorStackTest.testIsOperator1()  Time elapsed: 0 sec  <<< FAILURE!
java.lang.NullPointerException
	at AH.gruppo14.stackbasedcalculator_gruppo14.CalculatorStackTest.testIsOperator1(CalculatorStackTest.java:56)

AH.gruppo14.stackbasedcalculator_gruppo14.CalculatorStackTest.testEmpty3()  Time elapsed: 0.002 sec  <<< FAILURE!
java.lang.NullPointerException
	at AH.gruppo14.stackbasedcalculator_gruppo14.CalculatorStackTest.testEmpty3(CalculatorStackTest.java:443)

AH.gruppo14.stackbasedcalculator_gruppo14.CalculatorStackTest.testIsOperator2()  Time elapsed: 0 sec  <<< FAILURE!
java.lang.NullPointerException
	at AH.gruppo14.stackbasedcalculator_gruppo14.CalculatorStackTest.testIsOperator2(CalculatorStackTest.java:67)

AH.gruppo14.stackbasedcalculator_gruppo14.CalculatorStackTest.testOver5()  Time elapsed: 0 sec  <<< FAILURE!
java.lang.NullPointerException
	at AH.gruppo14.stackbasedcalculator_gruppo14.CalculatorStackTest.testOver5(CalculatorStackTest.java:738)

AH.gruppo14.stackbasedcalculator_gruppo14.CalculatorStackTest.testOver4()  Time elapsed: 0.001 sec  <<< FAILURE!
java.lang.NullPointerException
	at AH.gruppo14.stackbasedcalculator_gruppo14.CalculatorStackTest.testOver4(CalculatorStackTest.java:724)

