<?xml version="1.0" encoding="UTF-8" ?>
<testsuite tests="46" failures="46" name="AH.gruppo14.stackbasedcalculator_gruppo14.CalculatorStackTest" time="0.251" errors="0" skipped="0">
  <properties>
[...]
</properties>
  <testcase classname="AH.gruppo14.stackbasedcalculator_gruppo14.CalculatorStackTest" name="AH.gruppo14.stackbasedcalculator_gruppo14.CalculatorStackTest.testOver2" time="0.006">
    <failure type="java.lang.NullPointerException">java.lang.NullPointerException
	at AH.gruppo14.stackbasedcalculator_gruppo14.CalculatorStackTest.testOver2(CalculatorStackTest.java:696)
</failure>
    <system-out>over2
</system-out>
  </testcase>
  <testcase classname="AH.gruppo14.stackbasedcalculator_gruppo14.CalculatorStackTest" name="AH.gruppo14.stackbasedcalculator_gruppo14.CalculatorStackTest.testSwap5" time="0">
    <failure type="java.lang.NullPointerException">java.lang.NullPointerException
	at AH.gruppo14.stackbasedcalculator_gruppo14.CalculatorStackTest.testSwap5(CalculatorStackTest.java:662)
</failure>
    <system-out>swap5
</system-out>
  </testcase>
  <testcase classname="AH.gruppo14.stackbasedcalculator_gruppo14.CalculatorStackTest" name="AH.gruppo14.stackbasedcalculator_gruppo14.CalculatorStackTest.testSwap4" time="0">
    <failure type="java.lang.NullPointerException">java.lang.NullPointerException
	at AH.gruppo14.stackbasedcalculator_gruppo14.CalculatorStackTest.testSwap4(CalculatorStackTest.java:648)
</failure>
    <system-out>swap4
</system-out>
  </testcase>
  <testcase classname="AH.gruppo14.stackbasedcalculator_gruppo14.CalculatorStackTest" name="AH.gruppo14.stackbasedcalculator_gruppo14.CalculatorStackTest.testOver3" time="0">
    <failure type="java.lang.NullPointerException">java.lang.NullPointerException
	at AH.gruppo14.stackbasedcalculator_gruppo14.CalculatorStackTest.testOver3(CalculatorStackTest.java:709)
</failure>
    <system-out>over3
</system-out>
  </testcase>
  <testcase classname="AH.gruppo14.stackbasedcalculator_gruppo14.CalculatorStackTest" name="AH.gruppo14.stackbasedcalculator_gruppo14.CalculatorStackTest.testOver1" time="0">
    <failure type="java.lang.NullPointerException">java.lang.NullPointerException
	at AH.gruppo14.stackbasedcalculator_gruppo14.CalculatorStackTest.testOver1(CalculatorStackTest.java:681)
</failure>
    <system-out>over1
</system-out>
  </testcase>
  <testcase classname="AH.gruppo14.stackbasedcalculator_gruppo14.CalculatorStackTest" name="AH.gruppo14.stackbasedcalculator_gruppo14.CalculatorStackTest.testSwap3" time="0">
    <failure type="java.lang.NullPointerException">java.lang.NullPointerException
	at AH.gruppo14.stackbasedcalculator_gruppo14.CalculatorStackTest.testSwap3(CalculatorStackTest.java:631)
</failure>
    <system-out>swap3
</system-out>
  </testcase>
  <testcase classname="AH.gruppo14.stackbasedcalculator_gruppo14.CalculatorStackTest" name="AH.gruppo14.stackbasedcalculator_gruppo14.CalculatorStackTest.testDup3" time="0">
    <failure type="java.lang.NullPointerException">java.lang.NullPointerException
	at AH.gruppo14.stackbasedcalculator_gruppo14.CalculatorStackTest.testDup3(CalculatorStackTest.java:583)
</failure>
    <system-out>dup3
</system-out>
  </testcase>
  <testcase classname="AH.gruppo14.stackbasedcalculator_gruppo14.CalculatorStackTest" name="AH.gruppo14.stackbasedcalculator_gruppo14.CalculatorStackTest.testSwap1" time="0">
    <failure type="java.lang.NullPointerException">java.lang.NullPointerException
	at AH.gruppo14.stackbasedcalculator_gruppo14.CalculatorStackTest.testSwap1(CalculatorStackTest.java:603)
</failure>
    <system-out>swap1
</system-out>
  </testcase>
  <testcase classname="AH.gruppo14.stackbasedcalculator_gruppo14.CalculatorStackTest" name="AH.gruppo14.stackbasedcalculator_gruppo14.CalculatorStackTest.testDup2" time="0">
    <failure type="java.lang.NullPointerException">java.lang.NullPointerException
	at AH.gruppo14.stackbasedcalculator_gruppo14.CalculatorStackTest.testDup2(CalculatorStackTest.java:571)
</failure>
    <system-out>dup2
</system-out>
  </testcase>
  <testcase classname="AH.gruppo14.stackbasedcalculator_gruppo14.CalculatorStackTest" name="AH.gruppo14.stackbasedcalculator_gruppo14.CalculatorStackTest.testSwap2" time="0.001">
    <failure type="java.lang.NullPointerException">java.lang.NullPointerException
	at AH.gruppo14.stackbasedcalculator_gruppo14.CalculatorStackTest.testSwap2(CalculatorStackTest.java:617)
</failure>
    <system-out>swap2
</system-out>
  </testcase>
  <testcase classname="AH.gruppo14.stackbasedcalculator_gruppo14.CalculatorStackTest" name="AH.gruppo14.stackbasedcalculator_gruppo14.CalculatorStackTest.testIsUnaryOperator1" time="0">
    <failure type="java.lang.NullPointerException">java.lang.NullPointerException
	at AH.gruppo14.stackbasedcalculator_gruppo14.CalculatorStackTest.testIsUnaryOperator1(CalculatorStackTest.java:92)
</failure>
    <system-out>isUnaryOperator1
</system-out>
  </testcase>
  <testcase classname="AH.gruppo14.stackbasedcalculator_gruppo14.CalculatorStackTest" name="AH.gruppo14.stackbasedcalculator_gruppo14.CalculatorStackTest.testIsUnaryOperator2" time="0">
    <failure type="java.lang.NullPointerException">java.lang.NullPointerException
	at AH.gruppo14.stackbasedcalculator_gruppo14.CalculatorStackTest.testIsUnaryOperator2(CalculatorStackTest.java:103)
</failure>
    <system-out>isUnaryOperator2
</system-out>
  </testcase>
  <testcase classname="AH.gruppo14.stackbasedcalculator_gruppo14.CalculatorStackTest" name="AH.gruppo14.stackbasedcalculator_gruppo14.CalculatorStackTest.testIsUnaryOperator3" time="0">
    <failure type="java.lang.NullPointerException">java.lang.NullPointerException
	at AH.gruppo14.stackbasedcalculator_gruppo14.CalculatorStackTest.testIsUnaryOperator3(CalculatorStackTest.java:114)
</failure>
    <system-out>isUnaryOperator3
</system-out>
  </testcase>
  <testcase classname="AH.gruppo14.stackbasedcalculator_gruppo14.CalculatorStackTest" name="AH.gruppo14.stackbasedcalculator_gruppo14.CalculatorStackTest.testCalcola4" time="0">
    <failure type="java.lang.NullPointerException">java.lang.NullPointerException
	at AH.gruppo14.stackbasedcalculator_gruppo14.CalculatorStackTest.testCalcola4(CalculatorStackTest.java:181)
</failure>
    <system-out>calcola4
</system-out>
  </testcase>
  <testcase classname="AH.gruppo14.stackbasedcalculator_gruppo14.CalculatorStackTest" name="AH.gruppo14.stackbasedcalculator_gruppo14.CalculatorStackTest.testPush1" time="0">
    <failure type="java.lang.NullPointerException">java.lang.NullPointerException
	at AH.gruppo14.stackbasedcalculator_gruppo14.CalculatorStackTest.testPush1(CalculatorStackTest.java:243)
</failure>
    <system-out>push1
</system-out>
  </testcase>
  <testcase classname="AH.gruppo14.stackbasedcalculator_gruppo14.CalculatorStackTest" name="AH.gruppo14.stackbasedcalculator_gruppo14.CalculatorStackTest.testCalcola1" time="0.001">
    <failure type="java.lang.NullPointerException">java.lang.NullPointerException
	at AH.gruppo14.stackbasedcalculator_gruppo14.CalculatorStackTest.testCalcola1(CalculatorStackTest.java:131)
</failure>
    <system-out>calcola1
</system-out>
  </testcase>
  <testcase classname="AH.gruppo14.stackbasedcalculator_gruppo14.CalculatorStackTest" name="AH.gruppo14.stackbasedcalculator_gruppo14.CalculatorStackTest.testPush3" time="0.001">
    <failure type="java.lang.NullPointerException">java.lang.NullPointerException
	at AH.gruppo14.stackbasedcalculator_gruppo14.CalculatorStackTest.testPush3(CalculatorStackTest.java:272)
</failure>
    <system-out>push3
</system-out>
  </testcase>
  <testcase classname="AH.gruppo14.stackbasedcalculator_gruppo14.CalculatorStackTest" name="AH.gruppo14.stackbasedcalculator_gruppo14.CalculatorStackTest.testClear1" time="0.001">
    <failure type="java.lang.NullPointerException">java.lang.NullPointerException
	at AH.gruppo14.stackbasedcalculator_gruppo14.CalculatorStackTest.testClear1(CalculatorStackTest.java:461)
</failure>
    <system-out>clear1
</system-out>
  </testcase>
  <testcase classname="AH.gruppo14.stackbasedcalculator_gruppo14.CalculatorStackTest" name="AH.gruppo14.stackbasedcalculator_gruppo14.CalculatorStackTest.testCalcola2" time="0">
    <failure type="java.lang.NullPointerException">java.lang.NullPointerException
	at AH.gruppo14.stackbasedcalculator_gruppo14.CalculatorStackTest.testCalcola2(CalculatorStackTest.java:148)
</failure>
    <system-out>calcola2
</system-out>
  </testcase>
  <testcase classname="AH.gruppo14.stackbasedcalculator_gruppo14.CalculatorStackTest" name="AH.gruppo14.stackbasedcalculator_gruppo14.CalculatorStackTest.testPeek3" time="0.001">
    <failure type="java.lang.NullPointerException">java.lang.NullPointerException
	at AH.gruppo14.stackbasedcalculator_gruppo14.CalculatorStackTest.testPeek3(CalculatorStackTest.java:366)
</failure>
    <system-out>peek3
</system-out>
  </testcase>
  <testcase classname="AH.gruppo14.stackbasedcalculator_gruppo14.CalculatorStackTest" name="AH.gruppo14.stackbasedcalculator_gruppo14.CalculatorStackTest.testPop2" time="0.223">
    <failure message="Unexpected exception type thrown ==&gt; expected: &lt;Eccezioni.StackVuotoException&gt; but was: &lt;java.lang.NullPointerException&gt;" type="org.opentest4j.AssertionFailedError">org.opentest4j.AssertionFailedError: Unexpected exception type thrown ==&gt; expected: &lt;Eccezioni.StackVuotoException&gt; but was: &lt;java.lang.NullPointerException&gt;
	at org.junit.jupiter.api.AssertThrows.assertThrows(AssertThrows.java:65)
	at org.junit.jupiter.api.AssertThrows.assertThrows(AssertThrows.java:37)
	at org.junit.jupiter.api.Assertions.assertThrows(Assertions.java:2952)
	at AH.gruppo14.stackbasedcalculator_gruppo14.CalculatorStackTest.testPop2(CalculatorStackTest.java:304)
Caused by: java.lang.NullPointerException
	at AH.gruppo14.stackbasedcalculator_gruppo14.CalculatorStackTest.lambda$testPop2$3(CalculatorStackTest.java:305)
	at org.junit.jupiter.api.AssertThrows.assertThrows(AssertThrows.java:55)
	... 21 more
</failure>
    <system-out>pop2
</system-out>
  </testcase>
  <testcase classname="AH.gruppo14.stackbasedcalculator_gruppo14.CalculatorStackTest" name="AH.gruppo14.stackbasedcalculator_gruppo14.CalculatorStackTest.testCalcola5" time="0.001">
    <failure type="java.lang.NullPointerException">java.lang.NullPointerException
	at AH.gruppo14.stackbasedcalculator_gruppo14.CalculatorStackTest.testCalcola5(CalculatorStackTest.java:197)
</failure>
    <system-out>calcola5
</system-out>
  </testcase>
  <testcase classname="AH.gruppo14.stackbasedcalculator_gruppo14.CalculatorStackTest" name="AH.gruppo14.stackbasedcalculator_gruppo14.CalculatorStackTest.testPop3" time="0.001">
    <failure type="java.lang.NullPointerException">java.lang.NullPointerException
	at AH.gruppo14.stackbasedcalculator_gruppo14.CalculatorStackTest.testPop3(CalculatorStackTest.java:319)
</failure>
    <system-out>pop3
</system-out>
  </testcase>
  <testcase classname="AH.gruppo14.stackbasedcalculator_gruppo14.CalculatorStackTest" name="AH.gruppo14.stackbasedcalculator_gruppo14.CalculatorStackTest.testSize2" time="0.001">
    <failure type="java.lang.NullPointerException">java.lang.NullPointerException
	at AH.gruppo14.stackbasedcalculator_gruppo14.CalculatorStackTest.testSize2(CalculatorStackTest.java:394)
</failure>
    <system-out>size2
</system-out>
  </testcase>
  <testcase classname="AH.gruppo14.stackbasedcalculator_gruppo14.CalculatorStackTest" name="AH.gruppo14.stackbasedcalculator_gruppo14.CalculatorStackTest.testEmpty2" time="0">
    <failure type="java.lang.NullPointerException">java.lang.NullPointerException
	at AH.gruppo14.stackbasedcalculator_gruppo14.CalculatorStackTest.testEmpty2(CalculatorStackTest.java:432)
</failure>
    <system-out>empty2
</system-out>
  </testcase>
  <testcase classname="AH.gruppo14.stackbasedcalculator_gruppo14.CalculatorStackTest" name="AH.gruppo14.stackbasedcalculator_gruppo14.CalculatorStackTest.testPeek1" time="0">
    <failure type="java.lang.NullPointerException">java.lang.NullPointerException
	at AH.gruppo14.stackbasedcalculator_gruppo14.CalculatorStackTest.testPeek1(CalculatorStackTest.java:338)
</failure>
    <system-out>peek1
</system-out>
  </testcase>
  <testcase classname="AH.gruppo14.stackbasedcalculator_gruppo14.CalculatorStackTest" name="AH.gruppo14.stackbasedcalculator_gruppo14.CalculatorStackTest.testClear2" time="0.001">
    <failure type="java.lang.NullPointerException">java.lang.NullPointerException
	at AH.gruppo14.stackbasedcalculator_gruppo14.CalculatorStackTest.testClear2(CalculatorStackTest.java:472)
</failure>
    <system-out>clear2
</system-out>
  </testcase>
  <testcase classname="AH.gruppo14.stackbasedcalculator_gruppo14.CalculatorStackTest" name="AH.gruppo14.stackbasedcalculator_gruppo14.CalculatorStackTest.testPop1" time="0">
    <failure type="java.lang.NullPointerException">java.lang.NullPointerException
	at AH.gruppo14.stackbasedcalculator_gruppo14.CalculatorStackTest.testPop1(CalculatorStackTest.java:291)
</failure>
    <system-out>pop1
</system-out>
  </testcase>
  <testcase classname="AH.gruppo14.stackbasedcalculator_gruppo14.CalculatorStackTest" name="AH.gruppo14.stackbasedcalculator_gruppo14.CalculatorStackTest.testCalcola3" time="0.001">
    <failure type="java.lang.NullPointerException">java.lang.NullPointerException
	at AH.gruppo14.stackbasedcalculator_gruppo14.CalculatorStackTest.testCalcola3(CalculatorStackTest.java:165)
</failure>
    <system-out>calcola3
</system-out>
  </testcase>
  <testcase classname="AH.gruppo14.stackbasedcalculator_gruppo14.CalculatorStackTest" name="AH.gruppo14.stackbasedcalculator_gruppo14.CalculatorStackTest.testClear3" time="0.001">
    <failure type="java.lang.NullPointerException">java.lang.NullPointerException
	at AH.gruppo14.stackbasedcalculator_gruppo14.CalculatorStackTest.testClear3(CalculatorStackTest.java:486)
</failure>
    <system-out>clear3
</system-out>
  </testcase>
  <testcase classname="AH.gruppo14.stackbasedcalculator_gruppo14.CalculatorStackTest" name="AH.gruppo14.stackbasedcalculator_gruppo14.CalculatorStackTest.testSize1" time="0.001">
    <failure type="java.lang.NullPointerException">java.lang.NullPointerException
	at AH.gruppo14.stackbasedcalculator_gruppo14.CalculatorStackTest.testSize1(CalculatorStackTest.java:383)
</failure>
    <system-out>size1
</system-out>
  </testcase>
  <testcase classname="AH.gruppo14.stackbasedcalculator_gruppo14.CalculatorStackTest" name="AH.gruppo14.stackbasedcalculator_gruppo14.CalculatorStackTest.testDrop1" time="0.001">
    <failure type="java.lang.NullPointerException">java.lang.NullPointerException
	at AH.gruppo14.stackbasedcalculator_gruppo14.CalculatorStackTest.testDrop1(CalculatorStackTest.java:505)
</failure>
    <system-out>drop1
</system-out>
  </testcase>
  <testcase classname="AH.gruppo14.stackbasedcalculator_gruppo14.CalculatorStackTest" name="AH.gruppo14.stackbasedcalculator_gruppo14.CalculatorStackTest.testDrop2" time="0">
    <failure type="java.lang.NullPointerException">java.lang.NullPointerException
	at AH.gruppo14.stackbasedcalculator_gruppo14.CalculatorStackTest.testDrop2(CalculatorStackTest.java:521)
</failure>
    <system-out>drop2
</system-out>
  </testcase>
  <testcase classname="AH.gruppo14.stackbasedcalculator_gruppo14.CalculatorStackTest" name="AH.gruppo14.stackbasedcalculator_gruppo14.CalculatorStackTest.testDrop3" time="0.001">
    <failure type="java.lang.NullPointerException">java.lang.NullPointerException
	at AH.gruppo14.stackbasedcalculator_gruppo14.CalculatorStackTest.testDrop3(CalculatorStackTest.java:536)
</failure>
    <system-out>drop3
</system-out>
  </testcase>
  <testcase classname="AH.gruppo14.stackbasedcalculator_gruppo14.CalculatorStackTest" name="AH.gruppo14.stackbasedcalculator_gruppo14.CalculatorStackTest.testDup1" time="0.001">
    <failure type="java.lang.NullPointerException">java.lang.NullPointerException
	at AH.gruppo14.stackbasedcalculator_gruppo14.CalculatorStackTest.testDup1(CalculatorStackTest.java:557)
</failure>
    <system-out>dup1
</system-out>
  </testcase>
  <testcase classname="AH.gruppo14.stackbasedcalculator_gruppo14.CalculatorStackTest" name="AH.gruppo14.stackbasedcalculator_gruppo14.CalculatorStackTest.testIsOperator3" time="0">
    <failure type="java.lang.NullPointerException">java.lang.NullPointerException
	at AH.gruppo14.stackbasedcalculator_gruppo14.CalculatorStackTest.testIsOperator3(CalculatorStackTest.java:78)
</failure>
    <system-out>isOperator3
</system-out>
  </testcase>
  <testcase classname="AH.gruppo14.stackbasedcalculator_gruppo14.CalculatorStackTest" name="AH.gruppo14.stackbasedcalculator_gruppo14.CalculatorStackTest.testPush2" time="0">
    <failure type="java.lang.NullPointerException">java.lang.NullPointerException
	at AH.gruppo14.stackbasedcalculator_gruppo14.CalculatorStackTest.testPush2(CalculatorStackTest.java:258)
</failure>
    <system-out>push2
</system-out>
  </testcase>
  <testcase classname="AH.gruppo14.stackbasedcalculator_gruppo14.CalculatorStackTest" name="AH.gruppo14.stackbasedcalculator_gruppo14.CalculatorStackTest.testPeek2" time="0.003">
    <failure message="Unexpected exception type thrown ==&gt; expected: &lt;Eccezioni.StackVuotoException&gt; but was: &lt;java.lang.NullPointerException&gt;" type="org.opentest4j.AssertionFailedError">org.opentest4j.AssertionFailedError: Unexpected exception type thrown ==&gt; expected: &lt;Eccezioni.StackVuotoException&gt; but was: &lt;java.lang.NullPointerException&gt;
	at org.junit.jupiter.api.AssertThrows.assertThrows(AssertThrows.java:65)
	at org.junit.jupiter.api.AssertThrows.assertThrows(AssertThrows.java:37)
	at org.junit.jupiter.api.Assertions.assertThrows(Assertions.java:2952)
	at AH.gruppo14.stackbasedcalculator_gruppo14.CalculatorStackTest.testPeek2(CalculatorStackTest.java:351)
Caused by: java.lang.NullPointerException
	at AH.gruppo14.stackbasedcalculator_gruppo14.CalculatorStackTest.lambda$testPeek2$4(CalculatorStackTest.java:352)
	at org.junit.jupiter.api.AssertThrows.assertThrows(AssertThrows.java:55)
	... 21 more
</failure>
    <system-out>peek2
</system-out>
  </testcase>
  <testcase classname="AH.gruppo14.stackbasedcalculator_gruppo14.CalculatorStackTest" name="AH.gruppo14.stackbasedcalculator_gruppo14.CalculatorStackTest.testCalcola6" time="0">
    <failure type="java.lang.NullPointerException">java.lang.NullPointerException
	at AH.gruppo14.stackbasedcalculator_gruppo14.CalculatorStackTest.testCalcola6(CalculatorStackTest.java:218)
</failure>
    <system-out>calcola6
</system-out>
  </testcase>
  <testcase classname="AH.gruppo14.stackbasedcalculator_gruppo14.CalculatorStackTest" name="AH.gruppo14.stackbasedcalculator_gruppo14.CalculatorStackTest.testSize3" time="0.001">
    <failure type="java.lang.NullPointerException">java.lang.NullPointerException
	at AH.gruppo14.stackbasedcalculator_gruppo14.CalculatorStackTest.testSize3(CalculatorStackTest.java:405)
</failure>
    <system-out>size3
</system-out>
  </testcase>
  <testcase classname="AH.gruppo14.stackbasedcalculator_gruppo14.CalculatorStackTest" name="AH.gruppo14.stackbasedcalculator_gruppo14.CalculatorStackTest.testEmpty1" time="0">
    <failure type="java.lang.NullPointerException">java.lang.NullPointerException
	at AH.gruppo14.stackbasedcalculator_gruppo14.CalculatorStackTest.testEmpty1(CalculatorStackTest.java:421)
</failure>
    <system-out>empty1
</system-out>
  </testcase>
  <testcase classname="AH.gruppo14.stackbasedcalculator_gruppo14.CalculatorStackTest" name="AH.gruppo14.stackbasedcalculator_gruppo14.CalculatorStackTest.testIsOperator1" time="0">
    <failure type="java.lang.NullPointerException">java.lang.NullPointerException
	at AH.gruppo14.stackbasedcalculator_gruppo14.CalculatorStackTest.testIsOperator1(CalculatorStackTest.java:56)
</failure>
    <system-out>isOperator1
</system-out>
  </testcase>
  <testcase classname="AH.gruppo14.stackbasedcalculator_gruppo14.CalculatorStackTest" name="AH.gruppo14.stackbasedcalculator_gruppo14.CalculatorStackTest.testEmpty3" time="0.002">
    <failure type="java.lang.NullPointerException">java.lang.NullPointerException
	at AH.gruppo14.stackbasedcalculator_gruppo14.CalculatorStackTest.testEmpty3(CalculatorStackTest.java:443)
</failure>
    <system-out>empty3
</system-out>
  </testcase>
  <testcase classname="AH.gruppo14.stackbasedcalculator_gruppo14.CalculatorStackTest" name="AH.gruppo14.stackbasedcalculator_gruppo14.CalculatorStackTest.testIsOperator2" time="0">
    <failure type="java.lang.NullPointerException">java.lang.NullPointerException
	at AH.gruppo14.stackbasedcalculator_gruppo14.CalculatorStackTest.testIsOperator2(CalculatorStackTest.java:67)
</failure>
    <system-out>isOperator2
</system-out>
  </testcase>
  <testcase classname="AH.gruppo14.stackbasedcalculator_gruppo14.CalculatorStackTest" name="AH.gruppo14.stackbasedcalculator_gruppo14.CalculatorStackTest.testOver5" time="0">
    <failure type="java.lang.NullPointerException">java.lang.NullPointerException
	at AH.gruppo14.stackbasedcalculator_gruppo14.CalculatorStackTest.testOver5(CalculatorStackTest.java:738)
</failure>
    <system-out>over5
</system-out>
  </testcase>
  <testcase classname="AH.gruppo14.stackbasedcalculator_gruppo14.CalculatorStackTest" name="AH.gruppo14.stackbasedcalculator_gruppo14.CalculatorStackTest.testOver4" time="0.001">
    <failure type="java.lang.NullPointerException">java.lang.NullPointerException
	at AH.gruppo14.stackbasedcalculator_gruppo14.CalculatorStackTest.testOver4(CalculatorStackTest.java:724)
</failure>
    <system-out>over4
</system-out>
  </testcase>
</testsuite>