<?xml version="1.0" encoding="UTF-8" ?>
<testsuite tests="12" failures="12" name="AH.gruppo14.stackbasedcalculator_gruppo14.StackCalculatorTest" time="0" errors="0" skipped="0">
  <properties>
[...]
</properties>
  <testcase classname="AH.gruppo14.stackbasedcalculator_gruppo14.StackCalculatorTest" name="AH.gruppo14.stackbasedcalculator_gruppo14.StackCalculatorTest.testSubtractVariable1" time="0">
    <failure message="Unexpected exception type thrown ==&gt; expected: &lt;Eccezioni.StackVuotoException&gt; but was: &lt;java.lang.NullPointerException&gt;" type="org.opentest4j.AssertionFailedError">org.opentest4j.AssertionFailedError: Unexpected exception type thrown ==&gt; expected: &lt;Eccezioni.StackVuotoException&gt; but was: &lt;java.lang.NullPointerException&gt;
	at org.junit.jupiter.api.AssertThrows.assertThrows(AssertThrows.java:65)
	at org.junit.jupiter.api.AssertThrows.assertThrows(AssertThrows.java:37)
	at org.junit.jupiter.api.Assertions.assertThrows(Assertions.java:2952)
	at AH.gruppo14.stackbasedcalculator_gruppo14.StackCalculatorTest.testSubtractVariable1(StackCalculatorTest.java:209)
Caused by: java.lang.NullPointerException
	at AH.gruppo14.stackbasedcalculator_gruppo14.StackCalculatorTest.lambda$testSubtractVariable1$5(StackCalculatorTest.java:210)
	at org.junit.jupiter.api.AssertThrows.assertThrows(AssertThrows.java:55)
	... 21 more
</failure>
    <system-out>subtractVariable1
</system-out>
  </testcase>
  <testcase classname="AH.gruppo14.stackbasedcalculator_gruppo14.StackCalculatorTest" name="AH.gruppo14.stackbasedcalculator_gruppo14.StackCalculatorTest.testSubtractVariable2" time="0">
    <failure type="java.lang.NullPointerException">java.lang.NullPointerException
	at AH.gruppo14.stackbasedcalculator_gruppo14.StackCalculatorTest.testSubtractVariable2(StackCalculatorTest.java:225)
</failure>
    <system-out>subtractVariable2
</system-out>
  </testcase>
  <testcase classname="AH.gruppo14.stackbasedcalculator_gruppo14.StackCalculatorTest" name="AH.gruppo14.stackbasedcalculator_gruppo14.StackCalculatorTest.testLoadVariable1" time="0">
    <failure message="Unexpected exception type thrown ==&gt; expected: &lt;Eccezioni.StackVuotoException&gt; but was: &lt;java.lang.NullPointerException&gt;" type="org.opentest4j.AssertionFailedError">org.opentest4j.AssertionFailedError: Unexpected exception type thrown ==&gt; expected: &lt;Eccezioni.StackVuotoException&gt; but was: &lt;java.lang.NullPointerException&gt;
	at org.junit.jupiter.api.AssertThrows.assertThrows(AssertThrows.java:65)
	at org.junit.jupiter.api.AssertThrows.assertThrows(AssertThrows.java:37)
	at org.junit.jupiter.api.Assertions.assertThrows(Assertions.java:2952)
	at AH.gruppo14.stackbasedcalculator_gruppo14.StackCalculatorTest.testLoadVariable1(StackCalculatorTest.java:58)
Caused by: java.lang.NullPointerException
	at AH.gruppo14.stackbasedcalculator_gruppo14.StackCalculatorTest.lambda$testLoadVariable1$0(StackCalculatorTest.java:59)
	at org.junit.jupiter.api.AssertThrows.assertThrows(AssertThrows.java:55)
	... 21 more
</failure>
    <system-out>loadVariable1
</system-out>
  </testcase>
  <testcase classname="AH.gruppo14.stackbasedcalculator_gruppo14.StackCalculatorTest" name="AH.gruppo14.stackbasedcalculator_gruppo14.StackCalculatorTest.testSubtractVariable3" time="0">
    <failure type="java.lang.NullPointerException">java.lang.NullPointerException
	at AH.gruppo14.stackbasedcalculator_gruppo14.StackCalculatorTest.testSubtractVariable3(StackCalculatorTest.java:241)
</failure>
    <system-out>subtractVariable3
</system-out>
  </testcase>
  <testcase classname="AH.gruppo14.stackbasedcalculator_gruppo14.StackCalculatorTest" name="AH.gruppo14.stackbasedcalculator_gruppo14.StackCalculatorTest.testLoadVariable2" time="0">
    <failure type="java.lang.NullPointerException">java.lang.NullPointerException
	at AH.gruppo14.stackbasedcalculator_gruppo14.StackCalculatorTest.testLoadVariable2(StackCalculatorTest.java:73)
</failure>
    <system-out>loadVariable2
</system-out>
  </testcase>
  <testcase classname="AH.gruppo14.stackbasedcalculator_gruppo14.StackCalculatorTest" name="AH.gruppo14.stackbasedcalculator_gruppo14.StackCalculatorTest.testStoreVariable3" time="0">
    <failure type="java.lang.NullPointerException">java.lang.NullPointerException
	at AH.gruppo14.stackbasedcalculator_gruppo14.StackCalculatorTest.testStoreVariable3(StackCalculatorTest.java:137)
</failure>
    <system-out>storeVariable3
</system-out>
  </testcase>
  <testcase classname="AH.gruppo14.stackbasedcalculator_gruppo14.StackCalculatorTest" name="AH.gruppo14.stackbasedcalculator_gruppo14.StackCalculatorTest.testLoadVariable3" time="0">
    <failure type="java.lang.NullPointerException">java.lang.NullPointerException
	at AH.gruppo14.stackbasedcalculator_gruppo14.StackCalculatorTest.testLoadVariable3(StackCalculatorTest.java:87)
</failure>
    <system-out>loadVariable3
</system-out>
  </testcase>
  <testcase classname="AH.gruppo14.stackbasedcalculator_gruppo14.StackCalculatorTest" name="AH.gruppo14.stackbasedcalculator_gruppo14.StackCalculatorTest.testStoreVariable2" time="0">
    <failure type="java.lang.NullPointerException">java.lang.NullPointerException
	at AH.gruppo14.stackbasedcalculator_gruppo14.StackCalculatorTest.testStoreVariable2(StackCalculatorTest.java:120)
</failure>
    <system-out>storeVariable2
</system-out>
  </testcase>
  <testcase classname="AH.gruppo14.stackbasedcalculator_gruppo14.StackCalculatorTest" name="AH.gruppo14.stackbasedcalculator_gruppo14.StackCalculatorTest.testStoreVariable1" time="0">
    <failure type="java.lang.NullPointerException">java.lang.NullPointerException
	at AH.gruppo14.stackbasedcalculator_gruppo14.StackCalculatorTest.testStoreVariable1(StackCalculatorTest.java:105)
</failure>
    <system-out>storeVariable1
</system-out>
  </testcase>
  <testcase classname="AH.gruppo14.stackbasedcalculator_gruppo14.StackCalculatorTest" name="AH.gruppo14.stackbasedcalculator_gruppo14.StackCalculatorTest.testAddVariable2" time="0">
    <failure type="java.lang.NullPointerException">java.lang.NullPointerException
	at AH.gruppo14.stackbasedcalculator_gruppo14.StackCalculatorTest.testAddVariable2(StackCalculatorTest.java:174)
</failure>
    <system-out>addVariable2
</system-out>
  </testcase>
  <testcase classname="AH.gruppo14.stackbasedcalculator_gruppo14.StackCalculatorTest" name="AH.gruppo14.stackbasedcalculator_gruppo14.StackCalculatorTest.testAddVariable1" time="0">
    <failure message="Unexpected exception type thrown ==&gt; expected: &lt;Eccezioni.StackVuotoException&gt; but was: &lt;java.lang.NullPointerException&gt;" type="org.opentest4j.AssertionFailedError">org.opentest4j.AssertionFailedError: Unexpected exception type thrown ==&gt; expected: &lt;Eccezioni.StackVuotoException&gt; but was: &lt;java.lang.NullPointerException&gt;
	at org.junit.jupiter.api.AssertThrows.assertThrows(AssertThrows.java:65)
	at org.junit.jupiter.api.AssertThrows.assertThrows(AssertThrows.java:37)
	at org.junit.jupiter.api.Assertions.assertThrows(Assertions.java:2952)
	at AH.gruppo14.stackbasedcalculator_gruppo14.StackCalculatorTest.testAddVariable1(StackCalculatorTest.java:158)
Caused by: java.lang.NullPointerException
	at AH.gruppo14.stackbasedcalculator_gruppo14.StackCalculatorTest.lambda$testAddVariable1$3(StackCalculatorTest.java:159)
	at org.junit.jupiter.api.AssertThrows.assertThrows(AssertThrows.java:55)
	... 21 more
</failure>
    <system-out>addVariable1
</system-out>
  </testcase>
  <testcase classname="AH.gruppo14.stackbasedcalculator_gruppo14.StackCalculatorTest" name="AH.gruppo14.stackbasedcalculator_gruppo14.StackCalculatorTest.testAddVariable3" time="0">
    <failure type="java.lang.NullPointerException">java.lang.NullPointerException
	at AH.gruppo14.stackbasedcalculator_gruppo14.StackCalculatorTest.testAddVariable3(StackCalculatorTest.java:190)
</failure>
    <system-out>addVariable3
</system-out>
  </testcase>
</testsuite>