<?xml version="1.0" encoding="UTF-8" ?>
<testsuite tests="61" failures="0" name="AH.gruppo14.stackbasedcalculator_gruppo14.ComplexTest" time="0.003" errors="0" skipped="0">
  <properties>
[...]
</properties>
  <testcase classname="AH.gruppo14.stackbasedcalculator_gruppo14.ComplexTest" name="AH.gruppo14.stackbasedcalculator_gruppo14.ComplexTest.testParseComplex4" time="0"/>
  <testcase classname="AH.gruppo14.stackbasedcalculator_gruppo14.ComplexTest" name="AH.gruppo14.stackbasedcalculator_gruppo14.ComplexTest.testParseComplex1" time="0.001"/>
  <testcase classname="AH.gruppo14.stackbasedcalculator_gruppo14.ComplexTest" name="AH.gruppo14.stackbasedcalculator_gruppo14.ComplexTest.testParseComplex2" time="0"/>
  <testcase classname="AH.gruppo14.stackbasedcalculator_gruppo14.ComplexTest" name="AH.gruppo14.stackbasedcalculator_gruppo14.ComplexTest.testParseComplex3" time="0"/>
  <testcase classname="AH.gruppo14.stackbasedcalculator_gruppo14.ComplexTest" name="AH.gruppo14.stackbasedcalculator_gruppo14.ComplexTest.testDivisione4" time="0"/>
  <testcase classname="AH.gruppo14.stackbasedcalculator_gruppo14.ComplexTest" name="AH.gruppo14.stackbasedcalculator_gruppo14.ComplexTest.testInvertiSegno1" time="0"/>
  <testcase classname="AH.gruppo14.stackbasedcalculator_gruppo14.ComplexTest" name="AH.gruppo14.stackbasedcalculator_gruppo14.ComplexTest.testInvertiSegno2" time="0"/>
  <testcase classname="AH.gruppo14.stackbasedcalculator_gruppo14.ComplexTest" name="AH.gruppo14.stackbasedcalculator_gruppo14.ComplexTest.testInvertiSegno3" time="0"/>
  <testcase classname="AH.gruppo14.stackbasedcalculator_gruppo14.ComplexTest" name="AH.gruppo14.stackbasedcalculator_gruppo14.ComplexTest.testInvertiSegno4" time="0"/>
  <testcase classname="AH.gruppo14.stackbasedcalculator_gruppo14.ComplexTest" name="AH.gruppo14.stackbasedcalculator_gruppo14.ComplexTest.testParseComplex5" time="0"/>
  <testcase classname="AH.gruppo14.stackbasedcalculator_gruppo14.ComplexTest" name="AH.gruppo14.stackbasedcalculator_gruppo14.ComplexTest.testParseComplex6" time="0"/>
  <testcase classname="AH.gruppo14.stackbasedcalculator_gruppo14.ComplexTest" name="AH.gruppo14.stackbasedcalculator_gruppo14.ComplexTest.testParseComplex7" time="0"/>
  <testcase classname="AH.gruppo14.stackbasedcalculator_gruppo14.ComplexTest" name="AH.gruppo14.stackbasedcalculator_gruppo14.ComplexTest.testProdotto2" time="0"/>
  <testcase classname="AH.gruppo14.stackbasedcalculator_gruppo14.ComplexTest" name="AH.gruppo14.stackbasedcalculator_gruppo14.ComplexTest.testProdotto4" time="0"/>
  <testcase classname="AH.gruppo14.stackbasedcalculator_gruppo14.ComplexTest" name="AH.gruppo14.stackbasedcalculator_gruppo14.ComplexTest.testSomma4" time="0"/>
  <testcase classname="AH.gruppo14.stackbasedcalculator_gruppo14.ComplexTest" name="AH.gruppo14.stackbasedcalculator_gruppo14.ComplexTest.testSomma6" time="0"/>
  <testcase classname="AH.gruppo14.stackbasedcalculator_gruppo14.ComplexTest" name="AH.gruppo14.stackbasedcalculator_gruppo14.ComplexTest.testSomma7" time="0"/>
  <testcase classname="AH.gruppo14.stackbasedcalculator_gruppo14.ComplexTest" name="AH.gruppo14.stackbasedcalculator_gruppo14.ComplexTest.testSottrazione3" time="0"/>
  <testcase classname="AH.gruppo14.stackbasedcalculator_gruppo14.ComplexTest" name="AH.gruppo14.stackbasedcalculator_gruppo14.ComplexTest.testProdotto5" time="0"/>
  <testcase classname="AH.gruppo14.stackbasedcalculator_gruppo14.ComplexTest" name="AH.gruppo14.stackbasedcalculator_gruppo14.ComplexTest.testProdotto3" time="0"/>
  <testcase classname="AH.gruppo14.stackbasedcalculator_gruppo14.ComplexTest" name="AH.gruppo14.stackbasedcalculator_gruppo14.ComplexTest.testProdotto6" time="0"/>
  <testcase classname="AH.gruppo14.stackbasedcalculator_gruppo14.ComplexTest" name="AH.gruppo14.stackbasedcalculator_gruppo14.ComplexTest.testDivisione1" time="0"/>
  <testcase classname="AH.gruppo14.stackbasedcalculator_gruppo14.ComplexTest" name="AH.gruppo14.stackbasedcalculator_gruppo14.ComplexTest.testDivisione2" time="0"/>
  <testcase classname="AH.gruppo14.stackbasedcalculator_gruppo14.ComplexTest" name="AH.gruppo14.stackbasedcalculator_gruppo14.ComplexTest.testSomma1" time="0"/>
  <testcase classname="AH.gruppo14.stackbasedcalculator_gruppo14.ComplexTest" name="AH.gruppo14.stackbasedcalculator_gruppo14.ComplexTest.testSottrazione6" time="0"/>
  <testcase classname="AH.gruppo14.stackbasedcalculator_gruppo14.ComplexTest" name="AH.gruppo14.stackbasedcalculator_gruppo14.ComplexTest.testDivisione3" time="0"/>
  <testcase classname="AH.gruppo14.stackbasedcalculator_gruppo14.ComplexTest" name="AH.gruppo14.stackbasedcalculator_gruppo14.ComplexTest.testSomma5" time="0"/>
  <testcase classname="AH.gruppo14.stackbasedcalculator_gruppo14.ComplexTest" name="AH.gruppo14.stackbasedcalculator_gruppo14.ComplexTest.testSomma2" time="0"/>
  <testcase classname="AH.gruppo14.stackbasedcalculator_gruppo14.ComplexTest" name="AH.gruppo14.stackbasedcalculator_gruppo14.ComplexTest.testSottrazione4" time="0"/>
  <testcase classname="AH.gruppo14.stackbasedcalculator_gruppo14.ComplexTest" name="AH.gruppo14.stackbasedcalculator_gruppo14.ComplexTest.testSomma3" time="0"/>
  <testcase classname="AH.gruppo14.stackbasedcalculator_gruppo14.ComplexTest" name="AH.gruppo14.stackbasedcalculator_gruppo14.ComplexTest.testSottrazione1" time="0"/>
  <testcase classname="AH.gruppo14.stackbasedcalculator_gruppo14.ComplexTest" name="AH.gruppo14.stackbasedcalculator_gruppo14.ComplexTest.testSottrazione2" time="0"/>
  <testcase classname="AH.gruppo14.stackbasedcalculator_gruppo14.ComplexTest" name="AH.gruppo14.stackbasedcalculator_gruppo14.ComplexTest.testSottrazione5" time="0"/>
  <testcase classname="AH.gruppo14.stackbasedcalculator_gruppo14.ComplexTest" name="AH.gruppo14.stackbasedcalculator_gruppo14.ComplexTest.testSottrazione7" time="0"/>
  <testcase classname="AH.gruppo14.stackbasedcalculator_gruppo14.ComplexTest" name="AH.gruppo14.stackbasedcalculator_gruppo14.ComplexTest.testProdotto1" time="0"/>
  <testcase classname="AH.gruppo14.stackbasedcalculator_gruppo14.ComplexTest" name="AH.gruppo14.stackbasedcalculator_gruppo14.ComplexTest.testToString5" time="0"/>
  <testcase classname="AH.gruppo14.stackbasedcalculator_gruppo14.ComplexTest" name="AH.gruppo14.stackbasedcalculator_gruppo14.ComplexTest.testEquals7" time="0"/>
  <testcase classname="AH.gruppo14.stackbasedcalculator_gruppo14.ComplexTest" name="AH.gruppo14.stackbasedcalculator_gruppo14.ComplexTest.testToString7" time="0"/>
  <testcase classname="AH.gruppo14.stackbasedcalculator_gruppo14.ComplexTest" name="AH.gruppo14.stackbasedcalculator_gruppo14.ComplexTest.testEquals9" time="0"/>
  <testcase classname="AH.gruppo14.stackbasedcalculator_gruppo14.ComplexTest" name="AH.gruppo14.stackbasedcalculator_gruppo14.ComplexTest.testRadice1" time="0.001"/>
  <testcase classname="AH.gruppo14.stackbasedcalculator_gruppo14.ComplexTest" name="AH.gruppo14.stackbasedcalculator_gruppo14.ComplexTest.testEquals3" time="0"/>
  <testcase classname="AH.gruppo14.stackbasedcalculator_gruppo14.ComplexTest" name="AH.gruppo14.stackbasedcalculator_gruppo14.ComplexTest.testEquals11" time="0"/>
  <testcase classname="AH.gruppo14.stackbasedcalculator_gruppo14.ComplexTest" name="AH.gruppo14.stackbasedcalculator_gruppo14.ComplexTest.testRadice2" time="0"/>
  <testcase classname="AH.gruppo14.stackbasedcalculator_gruppo14.ComplexTest" name="AH.gruppo14.stackbasedcalculator_gruppo14.ComplexTest.testEquals4" time="0"/>
  <testcase classname="AH.gruppo14.stackbasedcalculator_gruppo14.ComplexTest" name="AH.gruppo14.stackbasedcalculator_gruppo14.ComplexTest.testToString4" time="0"/>
  <testcase classname="AH.gruppo14.stackbasedcalculator_gruppo14.ComplexTest" name="AH.gruppo14.stackbasedcalculator_gruppo14.ComplexTest.testToString2" time="0"/>
  <testcase classname="AH.gruppo14.stackbasedcalculator_gruppo14.ComplexTest" name="AH.gruppo14.stackbasedcalculator_gruppo14.ComplexTest.testDivisione7" time="0"/>
  <testcase classname="AH.gruppo14.stackbasedcalculator_gruppo14.ComplexTest" name="AH.gruppo14.stackbasedcalculator_gruppo14.ComplexTest.testEquals6" time="0"/>
  <testcase classname="AH.gruppo14.stackbasedcalculator_gruppo14.ComplexTest" name="AH.gruppo14.stackbasedcalculator_gruppo14.ComplexTest.testToString6" time="0"/>
  <testcase classname="AH.gruppo14.stackbasedcalculator_gruppo14.ComplexTest" name="AH.gruppo14.stackbasedcalculator_gruppo14.ComplexTest.testToString8" time="0"/>
  <testcase classname="AH.gruppo14.stackbasedcalculator_gruppo14.ComplexTest" name="AH.gruppo14.stackbasedcalculator_gruppo14.ComplexTest.testEquals8" time="0"/>
  <testcase classname="AH.gruppo14.stackbasedcalculator_gruppo14.ComplexTest" name="AH.gruppo14.stackbasedcalculator_gruppo14.ComplexTest.testEquals10" time="0"/>
  <testcase classname="AH.gruppo14.stackbasedcalculator_gruppo14.ComplexTest" name="AH.gruppo14.stackbasedcalculator_gruppo14.ComplexTest.testToString3" time="0"/>
  <testcase classname="AH.gruppo14.stackbasedcalculator_gruppo14.ComplexTest" name="AH.gruppo14.stackbasedcalculator_gruppo14.ComplexTest.testToString1" time="0.001"/>
  <testcase classname="AH.gruppo14.stackbasedcalculator_gruppo14.ComplexTest" name="AH.gruppo14.stackbasedcalculator_gruppo14.ComplexTest.testEquals5" time="0"/>
  <testcase classname="AH.gruppo14.stackbasedcalculator_gruppo14.ComplexTest" name="AH.gruppo14.stackbasedcalculator_gruppo14.ComplexTest.testRadice3" time="0"/>
  <testcase classname="AH.gruppo14.stackbasedcalculator_gruppo14.ComplexTest" name="AH.gruppo14.stackbasedcalculator_gruppo14.ComplexTest.testDivisione6" time="0"/>
  <testcase classname="AH.gruppo14.stackbasedcalculator_gruppo14.ComplexTest" name="AH.gruppo14.stackbasedcalculator_gruppo14.ComplexTest.testDivisione5" time="0"/>
  <testcase classname="AH.gruppo14.stackbasedcalculator_gruppo14.ComplexTest" name="AH.gruppo14.stackbasedcalculator_gruppo14.ComplexTest.testEquals1" time="0"/>
  <testcase classname="AH.gruppo14.stackbasedcalculator_gruppo14.ComplexTest" name="AH.gruppo14.stackbasedcalculator_gruppo14.ComplexTest.testRadice4" time="0"/>
  <testcase classname="AH.gruppo14.stackbasedcalculator_gruppo14.ComplexTest" name="AH.gruppo14.stackbasedcalculator_gruppo14.ComplexTest.testEquals2" time="0"/>
</testsuite>